c:\users\hinen\desktop\cours\moteurm2\moteurm2\debug\vc145.pdb
c:\users\hinen\desktop\cours\moteurm2\moteurm2\debug\vc145.idb
c:\users\hinen\desktop\cours\moteurm2\moteurm2\debug\main.obj
c:\users\hinen\desktop\cours\moteurm2\moteurm2\debug\imgui_impl_glfw.obj
c:\users\hinen\desktop\cours\moteurm2\moteurm2\debug\imgui_widgets.obj
c:\users\hinen\desktop\cours\moteurm2\moteurm2\debug\imgui_tables.obj
c:\users\hinen\desktop\cours\moteurm2\moteurm2\debug\imgui_draw.obj
c:\users\hinen\desktop\cours\moteurm2\moteurm2\debug\imgui_demo.obj
c:\users\hinen\desktop\cours\moteurm2\moteurm2\debug\imgui.obj
c:\users\hinen\desktop\cours\moteurm2\moteurm2\debug\imgui_impl_opengl3.obj
c:\users\hinen\desktop\cours\moteurm2\debug\moteurm2.pdb
c:\users\hinen\desktop\cours\moteurm2\moteurm2\debug\moteurm2.tlog\cl.command.1.tlog
c:\users\hinen\desktop\cours\moteurm2\moteurm2\debug\moteurm2.tlog\cl.read.1.tlog
c:\users\hinen\desktop\cours\moteurm2\moteurm2\debug\moteurm2.tlog\cl.write.1.tlog
c:\users\hinen\desktop\cours\moteurm2\moteurm2\debug\moteurm2.tlog\link-cvtres.read.1.tlog
c:\users\hinen\desktop\cours\moteurm2\moteurm2\debug\moteurm2.tlog\link-cvtres.write.1.tlog
c:\users\hinen\desktop\cours\moteurm2\moteurm2\debug\moteurm2.tlog\link-rc.read.1.tlog
c:\users\hinen\desktop\cours\moteurm2\moteurm2\debug\moteurm2.tlog\link-rc.write.1.tlog
c:\users\hinen\desktop\cours\moteurm2\moteurm2\debug\moteurm2.tlog\link.command.1.tlog
c:\users\hinen\desktop\cours\moteurm2\moteurm2\debug\moteurm2.tlog\link.read.1.tlog
c:\users\hinen\desktop\cours\moteurm2\moteurm2\debug\moteurm2.tlog\link.write.1.tlog
